0 info it worked if it ends with ok
1 verbose cli [ '/opt/local/bin/node',
1 verbose cli   '/opt/local/bin/npm',
1 verbose cli   'install',
1 verbose cli   'underscore.js' ]
2 info using npm@1.2.14
3 info using node@v0.8.22
4 verbose read json /Users/appacademy/Desktop/w7d1/PhotoTagger/package.json
5 verbose read json /Users/appacademy/Desktop/w7d1/PhotoTagger/node_modules/underscore/package.json
6 verbose read json /Users/appacademy/Desktop/w7d1/PhotoTagger/package.json
7 verbose cache add [ 'underscore.js', null ]
8 verbose cache add name=undefined spec="underscore.js" args=["underscore.js",null]
9 verbose parsed url { pathname: 'underscore.js',
9 verbose parsed url   path: 'underscore.js',
9 verbose parsed url   href: 'underscore.js' }
10 silly lockFile e2067380-underscore-js underscore.js
11 verbose lock underscore.js /Users/appacademy/.npm/e2067380-underscore-js.lock
12 silly lockFile e2067380-underscore-js underscore.js
13 silly lockFile e2067380-underscore-js underscore.js
14 verbose addNamed [ 'underscore.js', '' ]
15 verbose addNamed [ null, '' ]
16 silly lockFile 24d5ea89-underscore-js underscore.js@
17 verbose lock underscore.js@ /Users/appacademy/.npm/24d5ea89-underscore-js.lock
18 silly addNameRange { name: 'underscore.js', range: '', hasData: false }
19 verbose url raw underscore.js
20 verbose url resolving [ 'https://registry.npmjs.org/', './underscore.js' ]
21 verbose url resolved https://registry.npmjs.org/underscore.js
22 info trying registry request attempt 1 at 16:44:49
23 http GET https://registry.npmjs.org/underscore.js
24 http 404 https://registry.npmjs.org/underscore.js
25 silly registry.get cb [ 404,
25 silly registry.get   { date: 'Mon, 12 May 2014 23:44:49 GMT',
25 silly registry.get     server: 'CouchDB/1.5.0 (Erlang OTP/R14B04)',
25 silly registry.get     'content-type': 'application/json',
25 silly registry.get     via: '1.1 varnish',
25 silly registry.get     'cache-control': 'max-age=0',
25 silly registry.get     'content-length': '52',
25 silly registry.get     'accept-ranges': 'bytes',
25 silly registry.get     age: '0',
25 silly registry.get     'x-served-by': 'cache-v43-ASH, cache-lax1429-LAX',
25 silly registry.get     'x-cache': 'MISS, MISS',
25 silly registry.get     'x-cache-hits': '0, 0',
25 silly registry.get     'x-timer': 'S1399938289.342101097,VS0,VS32,VE44,VE77',
25 silly registry.get     'keep-alive': 'timeout=10, max=50',
25 silly registry.get     connection: 'Keep-Alive' } ]
26 silly lockFile 24d5ea89-underscore-js underscore.js@
27 silly lockFile 24d5ea89-underscore-js underscore.js@
28 error 404 'underscore.js' is not in the npm registry.
28 error 404 You should bug the author to publish it
28 error 404
28 error 404 Maybe try 'npm search underscore'
28 error 404
28 error 404 Note that you can also install from a
28 error 404 tarball, folder, or http url, or git url.
29 error System Darwin 12.2.1
30 error command "/opt/local/bin/node" "/opt/local/bin/npm" "install" "underscore.js"
31 error cwd /Users/appacademy/Desktop/w7d1/PhotoTagger
32 error node -v v0.8.22
33 error npm -v 1.2.14
34 error code E404
35 verbose exit [ 1, true ]
